Unity Editor version:    2020.3.17f1 (a4537701e4ab)
Branch:                  2020.3/staging
Build type:              Release
Batch mode:              YES
macOS version:           Version 10.14.6 (Build 18G95)
Darwin version:          18.7.0
Architecture:            x86_64
Running under Rosetta:   NO
Available memory:        8192 MB
Using pre-set license
Pro License: NO

COMMAND LINE ARGUMENTS:
/Applications/Unity/Hub/Editor/2020.3.17f1/Unity.app/Contents/MacOS/Unity
-adb2
-batchMode
-noUpm
-name
AssetImportWorker0
-projectPath
/Users/liizzasulistio/Documents/Agate/Agate-SI_Game-Programming_Tugas-1/Pong
-logFile
Logs/AssetImportWorker0.log
-srvPort
53422
Successfully changed project path to: /Users/liizzasulistio/Documents/Agate/Agate-SI_Game-Programming_Tugas-1/Pong
/Users/liizzasulistio/Documents/Agate/Agate-SI_Game-Programming_Tugas-1/Pong
Using Asset Import Pipeline V2.
Refreshing native plugins compatible for Editor in 45.51 ms, found 3 plugins.
Preloading 0 native plugins for Editor in 0.00 ms.
Initialize engine version: 2020.3.17f1 (a4537701e4ab)
[Subsystems] Discovering subsystems at path /Applications/Unity/Hub/Editor/2020.3.17f1/Unity.app/Contents/Resources/UnitySubsystems
[Subsystems] Discovering subsystems at path /Users/liizzasulistio/Documents/Agate/Agate-SI_Game-Programming_Tugas-1/Pong/Assets
GfxDevice: creating device client; threaded=0
2021-09-08 13:55:22.432 Unity[6677:189760] Color LCD preferred device: Intel(R) Iris(TM) Plus Graphics 645 (low power)
2021-09-08 13:55:22.433 Unity[6677:189760] Metal devices available: 1
2021-09-08 13:55:22.433 Unity[6677:189760] 0: Intel(R) Iris(TM) Plus Graphics 645 (low power)
2021-09-08 13:55:22.433 Unity[6677:189760] Using device Intel(R) Iris(TM) Plus Graphics 645 (low power)
Initializing Metal device caps: Intel(R) Iris(TM) Plus Graphics 645
Initialize mono
Mono path[0] = '/Applications/Unity/Hub/Editor/2020.3.17f1/Unity.app/Contents/Managed'
Mono path[1] = '/Applications/Unity/Hub/Editor/2020.3.17f1/Unity.app/Contents/MonoBleedingEdge/lib/mono/unityjit'
Mono config path = '/Applications/Unity/Hub/Editor/2020.3.17f1/Unity.app/Contents/MonoBleedingEdge/etc'
Using monoOptions --debugger-agent=transport=dt_socket,embedding=1,server=y,suspend=n,address=127.0.0.1:56677
Begin MonoManager ReloadAssembly
Registering precompiled unity dll's ...
Register platform support module: /Applications/Unity/Hub/Editor/2020.3.17f1/Unity.app/Contents/PlaybackEngines/MacStandaloneSupport/UnityEditor.OSXStandalone.Extensions.dll
Register platform support module: /Applications/Unity/Hub/Editor/2020.3.17f1/PlaybackEngines/WindowsStandaloneSupport/UnityEditor.WindowsStandalone.Extensions.dll
Registered in 0.004881 seconds.
Native extension for WindowsStandalone target not found
Native extension for OSXStandalone target not found
Refreshing native plugins compatible for Editor in 42.80 ms, found 3 plugins.
Preloading 0 native plugins for Editor in 0.00 ms.
Mono: successfully reloaded assembly
- Completed reload, in  1.210 seconds
Domain Reload Profiling:
	ReloadAssembly (1211ms)
		BeginReloadAssembly (45ms)
			ExecutionOrderSort (0ms)
			DisableScriptedObjects (0ms)
			BackupInstance (0ms)
			ReleaseScriptingObjects (0ms)
			CreateAndSetChildDomain (1ms)
		EndReloadAssembly (495ms)
			LoadAssemblies (47ms)
			RebuildTransferFunctionScriptingTraits (0ms)
			SetupTypeCache (195ms)
			ReleaseScriptCaches (0ms)
			RebuildScriptCaches (43ms)
			SetupLoadedEditorAssemblies (200ms)
				LogAssemblyErrors (0ms)
				InitializePlatformSupportModulesInManaged (8ms)
				SetLoadedEditorAssemblies (0ms)
				RefreshPlugins (43ms)
				BeforeProcessingInitializeOnLoad (9ms)
				ProcessInitializeOnLoadAttributes (104ms)
				ProcessInitializeOnLoadMethodAttributes (36ms)
				AfterProcessingInitializeOnLoad (0ms)
				EditorAssembliesLoaded (0ms)
			ExecutionOrderSort2 (0ms)
			AwakeInstancesAfterBackupRestoration (0ms)
Platform modules already initialized, skipping
Registering precompiled user dll's ...
Registered in 0.004960 seconds.
Begin MonoManager ReloadAssembly
Native extension for WindowsStandalone target not found
Native extension for OSXStandalone target not found
Refreshing native plugins compatible for Editor in 42.51 ms, found 3 plugins.
Preloading 0 native plugins for Editor in 0.00 ms.
Mono: successfully reloaded assembly
- Completed reload, in  1.396 seconds
Domain Reload Profiling:
	ReloadAssembly (1398ms)
		BeginReloadAssembly (172ms)
			ExecutionOrderSort (0ms)
			DisableScriptedObjects (5ms)
			BackupInstance (0ms)
			ReleaseScriptingObjects (0ms)
			CreateAndSetChildDomain (38ms)
		EndReloadAssembly (1156ms)
			LoadAssemblies (126ms)
			RebuildTransferFunctionScriptingTraits (0ms)
			SetupTypeCache (369ms)
			ReleaseScriptCaches (1ms)
			RebuildScriptCaches (63ms)
			SetupLoadedEditorAssemblies (457ms)
				LogAssemblyErrors (0ms)
				InitializePlatformSupportModulesInManaged (6ms)
				SetLoadedEditorAssemblies (0ms)
				RefreshPlugins (43ms)
				BeforeProcessingInitializeOnLoad (63ms)
				ProcessInitializeOnLoadAttributes (330ms)
				ProcessInitializeOnLoadMethodAttributes (14ms)
				AfterProcessingInitializeOnLoad (1ms)
				EditorAssembliesLoaded (0ms)
			ExecutionOrderSort2 (0ms)
			AwakeInstancesAfterBackupRestoration (8ms)
Platform modules already initialized, skipping
Validating Project structure ... 0.000120 seconds.
Shader import version has changed; will reimport all shaders...
Upgrading shader files ...0.000158 seconds.
Application.AssetDatabase Initial Script Refresh Start
RefreshInfo: InitialScriptRefreshV2(NoUpdateAssetOptions) scanfilter:  ... 1 filters
RefreshProfiler: Total: 0.000ms
Application.AssetDatabase Initial Script Refresh End
Application.AssetDatabase.Refresh Start
Application.AssetDatabase.Refresh End
RefreshInfo: StopAssetImportingV2(ForceSynchronousImport) scanfilter: 
RefreshProfiler: Total: 0.000ms
Launching external process: /Applications/Unity/Hub/Editor/2020.3.17f1/Unity.app/Contents/Tools/UnityShaderCompiler
Launched and connected shader compiler UnityShaderCompiler after 0.02 seconds
Initializing Unity extensions:
========================================================================
Worker process is ready to serve import requests
Refreshing native plugins compatible for Editor in 0.43 ms, found 3 plugins.
Preloading 0 native plugins for Editor in 0.00 ms.
Unloading 2092 Unused Serialized files (Serialized files now loaded: 0)
System memory in use before: 193.4 MB.
System memory in use after: 192.6 MB.

Unloading 101 unused Assets to reduce memory usage. Loaded Objects now: 2568.
Total: 4.049169 ms (FindLiveObjects: 0.328008 ms CreateObjectMapping: 0.125037 ms MarkObjects: 3.066315 ms  DeleteObjects: 0.528674 ms)

AssetImportParameters requested are different than current active one (requested -> active):
  custom:video-decoder-ogg-theora: a1e56fd34408186e4bbccfd4996cb3dc -> 
  custom:container-muxer-webm: aa71ff27fc2769a1b78a27578f13a17b -> 
  custom:container-demuxer-webm: 4f35f7cbe854078d1ac9338744f61a02 -> 
  custom:container-demuxer-ogg: 62fdf1f143b41e24485cea50d1cbac27 -> 
  custom:video-encoder-webm-vp8: eb34c28f22e8b96e1ab97ce403110664 -> 
  custom:framework-osx-AVFoundation: b23960f63f64bdc6ff669e2cdcee2391 -> 
  custom:video-decoder-webm-vp8: 9c59270c3fd7afecdb556c50c9e8de78 -> 
  custom:audio-decoder-ogg-vorbis: bf7c407c2cedff20999df2af8eb42d56 -> 
  custom:audio-encoder-webm-vorbis: bf7c407c2cedff20999df2af8eb42d56 -> 
========================================================================
Received Import Request.
  path: Assets/Scenes
  artifactKey: Guid(feffa2e7f797a409a82d72e776a8b361) Importer(815301076,1909f56bfc062723c751e8b465ee728b)
Start importing Assets/Scenes using Guid(feffa2e7f797a409a82d72e776a8b361) Importer(815301076,1909f56bfc062723c751e8b465ee728b)  -> (artifact id: '63f1d146e134af29aa60c9f3b1f561d1') in 0.004363 seconds 
  Import took 0.009319 seconds .

========================================================================
Received Import Request.
  Time since last request: 0.000320 seconds.
  path: Assets/Scenes/SampleScene.unity
  artifactKey: Guid(2cda990e2423bbf4892e6590ba056729) Importer(815301076,1909f56bfc062723c751e8b465ee728b)
Start importing Assets/Scenes/SampleScene.unity using Guid(2cda990e2423bbf4892e6590ba056729) Importer(815301076,1909f56bfc062723c751e8b465ee728b)  -> (artifact id: 'aa27944bdea339c97c39027c7eea529c') in 0.008626 seconds 
  Import took 0.012792 seconds .

========================================================================
Received Import Request.
  Time since last request: 4.783581 seconds.
  path: Assets/Scenes/Pong.unity
  artifactKey: Guid(2cda990e2423bbf4892e6590ba056729) Importer(815301076,1909f56bfc062723c751e8b465ee728b)
Start importing Assets/Scenes/Pong.unity using Guid(2cda990e2423bbf4892e6590ba056729) Importer(815301076,1909f56bfc062723c751e8b465ee728b)  -> (artifact id: '8b60fa740444fcbebbd5d9345543cb05') in 0.001088 seconds 
  Import took 0.007022 seconds .

========================================================================
Received Import Request.
  Time since last request: 177.484137 seconds.
  path: Assets/Scenes/racket.jpg
  artifactKey: Guid(7de9c71d93cd846d6829e28b450b82f6) Importer(815301076,1909f56bfc062723c751e8b465ee728b)
Start importing Assets/Scenes/racket.jpg using Guid(7de9c71d93cd846d6829e28b450b82f6) Importer(815301076,1909f56bfc062723c751e8b465ee728b)  -> (artifact id: 'f8dad36e360c556d3fb73d436b5d3461') in 0.376422 seconds 
  Import took 0.382483 seconds .

========================================================================
Received Prepare
Registering precompiled user dll's ...
Registered in 0.003810 seconds.
Begin MonoManager ReloadAssembly
Native extension for WindowsStandalone target not found
Native extension for OSXStandalone target not found
Refreshing native plugins compatible for Editor in 0.53 ms, found 3 plugins.
Preloading 0 native plugins for Editor in 0.00 ms.
Mono: successfully reloaded assembly
- Completed reload, in  1.313 seconds
Domain Reload Profiling:
	ReloadAssembly (1313ms)
		BeginReloadAssembly (166ms)
			ExecutionOrderSort (0ms)
			DisableScriptedObjects (7ms)
			BackupInstance (0ms)
			ReleaseScriptingObjects (0ms)
			CreateAndSetChildDomain (93ms)
		EndReloadAssembly (1073ms)
			LoadAssemblies (83ms)
			RebuildTransferFunctionScriptingTraits (0ms)
			SetupTypeCache (375ms)
			ReleaseScriptCaches (1ms)
			RebuildScriptCaches (58ms)
			SetupLoadedEditorAssemblies (419ms)
				LogAssemblyErrors (0ms)
				InitializePlatformSupportModulesInManaged (5ms)
				SetLoadedEditorAssemblies (0ms)
				RefreshPlugins (1ms)
				BeforeProcessingInitializeOnLoad (103ms)
				ProcessInitializeOnLoadAttributes (302ms)
				ProcessInitializeOnLoadMethodAttributes (6ms)
				AfterProcessingInitializeOnLoad (1ms)
				EditorAssembliesLoaded (0ms)
			ExecutionOrderSort2 (0ms)
			AwakeInstancesAfterBackupRestoration (12ms)
Platform modules already initialized, skipping
Refreshing native plugins compatible for Editor in 0.61 ms, found 3 plugins.
Preloading 0 native plugins for Editor in 0.00 ms.
Unloading 2082 Unused Serialized files (Serialized files now loaded: 0)
System memory in use before: 195.2 MB.
System memory in use after: 195.3 MB.

Unloading 17 unused Assets to reduce memory usage. Loaded Objects now: 2578.
Total: 3.504763 ms (FindLiveObjects: 0.273185 ms CreateObjectMapping: 0.085907 ms MarkObjects: 3.093212 ms  DeleteObjects: 0.051576 ms)

AssetImportParameters requested are different than current active one (requested -> active):
  custom:video-decoder-ogg-theora: a1e56fd34408186e4bbccfd4996cb3dc -> 
  custom:container-muxer-webm: aa71ff27fc2769a1b78a27578f13a17b -> 
  custom:container-demuxer-webm: 4f35f7cbe854078d1ac9338744f61a02 -> 
  custom:container-demuxer-ogg: 62fdf1f143b41e24485cea50d1cbac27 -> 
  custom:video-encoder-webm-vp8: eb34c28f22e8b96e1ab97ce403110664 -> 
  custom:framework-osx-AVFoundation: b23960f63f64bdc6ff669e2cdcee2391 -> 
  custom:video-decoder-webm-vp8: 9c59270c3fd7afecdb556c50c9e8de78 -> 
  custom:audio-decoder-ogg-vorbis: bf7c407c2cedff20999df2af8eb42d56 -> 
  custom:audio-encoder-webm-vorbis: bf7c407c2cedff20999df2af8eb42d56 -> 
========================================================================
Received Import Request.
  Time since last request: 1087.714037 seconds.
  path: Assets/Scenes/player.prefab
  artifactKey: Guid(cf681f0456a6747cd9d750ce4801fa99) Importer(815301076,1909f56bfc062723c751e8b465ee728b)
Start importing Assets/Scenes/player.prefab using Guid(cf681f0456a6747cd9d750ce4801fa99) Importer(815301076,1909f56bfc062723c751e8b465ee728b)  -> (artifact id: '021f453d55f442f2d79d371a20bb7767') in 0.374379 seconds 
  Import took 0.410781 seconds .

========================================================================
Received Import Request.
  Time since last request: 168.200494 seconds.
  path: Assets/Player1.prefab
  artifactKey: Guid(2f6ab01cc26e244cdbea3910b2030227) Importer(815301076,1909f56bfc062723c751e8b465ee728b)
Start importing Assets/Player1.prefab using Guid(2f6ab01cc26e244cdbea3910b2030227) Importer(815301076,1909f56bfc062723c751e8b465ee728b)  -> (artifact id: '816ccbe8f9b27cef9bd7c355e4ead8ad') in 0.140404 seconds 
  Import took 0.144822 seconds .

========================================================================
Received Import Request.
  Time since last request: 12.542904 seconds.
  path: Assets/player.prefab
  artifactKey: Guid(cf681f0456a6747cd9d750ce4801fa99) Importer(815301076,1909f56bfc062723c751e8b465ee728b)
Start importing Assets/player.prefab using Guid(cf681f0456a6747cd9d750ce4801fa99) Importer(815301076,1909f56bfc062723c751e8b465ee728b)  -> (artifact id: '67ecc6dda720249c2969687236f709f7') in 0.004207 seconds 
  Import took 0.010701 seconds .

========================================================================
Received Import Request.
  Time since last request: 0.038829 seconds.
  path: Assets/player.prefab
  artifactKey: Guid(cf681f0456a6747cd9d750ce4801fa99) Importer(815301076,1909f56bfc062723c751e8b465ee728b)
Start importing Assets/player.prefab using Guid(cf681f0456a6747cd9d750ce4801fa99) Importer(815301076,1909f56bfc062723c751e8b465ee728b)  -> (artifact id: '67ecc6dda720249c2969687236f709f7') in 0.006205 seconds 
  Import took 0.012056 seconds .

========================================================================
Received Import Request.
  Time since last request: 90.501179 seconds.
  path: Assets/Player.prefab
  artifactKey: Guid(2f6ab01cc26e244cdbea3910b2030227) Importer(815301076,1909f56bfc062723c751e8b465ee728b)
Start importing Assets/Player.prefab using Guid(2f6ab01cc26e244cdbea3910b2030227) Importer(815301076,1909f56bfc062723c751e8b465ee728b)  -> (artifact id: '8f547751a2799415b9a0475d312acd70') in 0.008580 seconds 
  Import took 0.012857 seconds .

========================================================================
Received Import Request.
  Time since last request: 0.059464 seconds.
  path: Assets/Player.prefab
  artifactKey: Guid(2f6ab01cc26e244cdbea3910b2030227) Importer(815301076,1909f56bfc062723c751e8b465ee728b)
Start importing Assets/Player.prefab using Guid(2f6ab01cc26e244cdbea3910b2030227) Importer(815301076,1909f56bfc062723c751e8b465ee728b)  -> (artifact id: '8f547751a2799415b9a0475d312acd70') in 0.013515 seconds 
  Import took 0.019637 seconds .

========================================================================
Received Import Request.
  Time since last request: 328.232169 seconds.
  path: Assets/PlayerControl.cs
  artifactKey: Guid(80d413de5f4b64c0aa14b7368f2bc326) Importer(815301076,1909f56bfc062723c751e8b465ee728b)
Start importing Assets/PlayerControl.cs using Guid(80d413de5f4b64c0aa14b7368f2bc326) Importer(815301076,1909f56bfc062723c751e8b465ee728b)  -> (artifact id: 'fccdd0ef196eee5aa30cdd3e5e889f70') in 0.176174 seconds 
  Import took 0.180217 seconds .

========================================================================
Received Import Request.
  Time since last request: 16.847184 seconds.
  path: Assets/PlayerControl.cs
  artifactKey: Guid(80d413de5f4b64c0aa14b7368f2bc326) Importer(815301076,1909f56bfc062723c751e8b465ee728b)
Start importing Assets/PlayerControl.cs using Guid(80d413de5f4b64c0aa14b7368f2bc326) Importer(815301076,1909f56bfc062723c751e8b465ee728b)  -> (artifact id: '36cb30b1efeabab2c010157e903bdc80') in 0.001486 seconds 
  Import took 0.006011 seconds .

========================================================================
Received Import Request.
  Time since last request: 136.755308 seconds.
  path: Assets/ball.png
  artifactKey: Guid(88448de29f5384e5c9f271dd2ab5c37d) Importer(815301076,1909f56bfc062723c751e8b465ee728b)
Start importing Assets/ball.png using Guid(88448de29f5384e5c9f271dd2ab5c37d) Importer(815301076,1909f56bfc062723c751e8b465ee728b)  -> (artifact id: '218ed0039aa5c86071057ef0ddb08ec4') in 0.319715 seconds 
  Import took 0.324205 seconds .

========================================================================
Received Import Request.
  Time since last request: 129.848033 seconds.
  path: Packages/com.unity.2d.spriteshape/Editor/ObjectMenuCreation/DefaultAssets/Sprite Shapes/Closed Sprite Shape.prefab
  artifactKey: Guid(c0583b4e855c74b8c82e7b9b5efb5ce9) Importer(815301076,1909f56bfc062723c751e8b465ee728b)
Start importing Packages/com.unity.2d.spriteshape/Editor/ObjectMenuCreation/DefaultAssets/Sprite Shapes/Closed Sprite Shape.prefab using Guid(c0583b4e855c74b8c82e7b9b5efb5ce9) Importer(815301076,1909f56bfc062723c751e8b465ee728b)  -> (artifact id: 'c5c845828cede3f25819031102be01e1') in 0.025170 seconds 
  Import took 0.030101 seconds .

========================================================================
Received Import Request.
  Time since last request: 0.000309 seconds.
  path: Packages/com.unity.2d.spriteshape/Editor/ObjectMenuCreation/DefaultAssets/Sprite Shapes/Open Sprite Shape.prefab
  artifactKey: Guid(86ae7de409eb54f619fb1328e4d42480) Importer(815301076,1909f56bfc062723c751e8b465ee728b)
Start importing Packages/com.unity.2d.spriteshape/Editor/ObjectMenuCreation/DefaultAssets/Sprite Shapes/Open Sprite Shape.prefab using Guid(86ae7de409eb54f619fb1328e4d42480) Importer(815301076,1909f56bfc062723c751e8b465ee728b)  -> (artifact id: '1cd094d74455b6e3ebbdb90683f10d20') in 0.012061 seconds 
  Import took 0.016452 seconds .

========================================================================
Received Import Request.
  Time since last request: 9.474240 seconds.
  path: Assets/New Physics Material 2D.physicsMaterial2D
  artifactKey: Guid(d74893b1f379a4ad388a0daa687546f4) Importer(815301076,1909f56bfc062723c751e8b465ee728b)
Start importing Assets/New Physics Material 2D.physicsMaterial2D using Guid(d74893b1f379a4ad388a0daa687546f4) Importer(815301076,1909f56bfc062723c751e8b465ee728b)  -> (artifact id: '2668bf53cea00b6f13f2060cebd2c846') in 0.156533 seconds 
  Import took 0.165367 seconds .

========================================================================
Received Import Request.
  Time since last request: 14.695648 seconds.
  path: Assets/BallPhysicsMaterial2D.physicsMaterial2D
  artifactKey: Guid(d74893b1f379a4ad388a0daa687546f4) Importer(815301076,1909f56bfc062723c751e8b465ee728b)
Start importing Assets/BallPhysicsMaterial2D.physicsMaterial2D using Guid(d74893b1f379a4ad388a0daa687546f4) Importer(815301076,1909f56bfc062723c751e8b465ee728b)  -> (artifact id: '01b4836bff64656f451910a61a9346c5') in 0.006073 seconds 
  Import took 0.012125 seconds .

========================================================================
Received Import Request.
  Time since last request: 0.002825 seconds.
  path: Assets/BallPhysicsMaterial2D.physicsMaterial2D
  artifactKey: Guid(d74893b1f379a4ad388a0daa687546f4) Importer(815301076,1909f56bfc062723c751e8b465ee728b)
Start importing Assets/BallPhysicsMaterial2D.physicsMaterial2D using Guid(d74893b1f379a4ad388a0daa687546f4) Importer(815301076,1909f56bfc062723c751e8b465ee728b)  -> (artifact id: '01b4836bff64656f451910a61a9346c5') in 0.002628 seconds 
  Import took 0.006526 seconds .

========================================================================
Received Import Request.
  Time since last request: 42.820023 seconds.
  path: Assets/BallControl.cs
  artifactKey: Guid(91047ff9a0ba54837aa302aca00cedfd) Importer(815301076,1909f56bfc062723c751e8b465ee728b)
Start importing Assets/BallControl.cs using Guid(91047ff9a0ba54837aa302aca00cedfd) Importer(815301076,1909f56bfc062723c751e8b465ee728b)  -> (artifact id: 'c88d8b608e75e61b40753b9c538a8c0f') in 0.002275 seconds 
  Import took 0.009822 seconds .

========================================================================
Received Import Request.
  Time since last request: 3566.078931 seconds.
  path: Assets/BallControl.cs
  artifactKey: Guid(91047ff9a0ba54837aa302aca00cedfd) Importer(815301076,1909f56bfc062723c751e8b465ee728b)
Start importing Assets/BallControl.cs using Guid(91047ff9a0ba54837aa302aca00cedfd) Importer(815301076,1909f56bfc062723c751e8b465ee728b)  -> (artifact id: 'd7b7ea99d032d46d250d34b4bddbd14a') in 0.004011 seconds 
  Import took 0.029998 seconds .

========================================================================
Received Import Request.
  Time since last request: 94.566154 seconds.
  path: Assets/racket.PNG
  artifactKey: Guid(6a48b2ad8a29b41778a2ea9003fe2c61) Importer(815301076,1909f56bfc062723c751e8b465ee728b)
Start importing Assets/racket.PNG using Guid(6a48b2ad8a29b41778a2ea9003fe2c61) Importer(815301076,1909f56bfc062723c751e8b465ee728b)  -> (artifact id: 'ca230e2fab9d4d7eab2680e3a0115db7') in 0.318685 seconds 
  Import took 0.325816 seconds .

========================================================================
Received Import Request.
  Time since last request: 361.390228 seconds.
  path: Assets/BallPhysicsMaterial2D.physicsMaterial2D
  artifactKey: Guid(d74893b1f379a4ad388a0daa687546f4) Importer(815301076,1909f56bfc062723c751e8b465ee728b)
Start importing Assets/BallPhysicsMaterial2D.physicsMaterial2D using Guid(d74893b1f379a4ad388a0daa687546f4) Importer(815301076,1909f56bfc062723c751e8b465ee728b)  -> (artifact id: '94816be9ee08f964327835370ecc63f7') in 0.022383 seconds 
  Import took 0.027840 seconds .

